[2022-09-20 15:44:16 DEBUG] [cli:112] ###############################################################################
[2022-09-20 15:44:16 DEBUG] [cli:113] Running command 'run'
[2022-09-20 15:44:16 DEBUG] [cli:117] Using settings file '/home/runner/.chaostoolkit/settings.yaml'
[2022-09-20 15:44:16 DEBUG] [settings:30] The Chaos Toolkit settings file could not be found at '/home/runner/.chaostoolkit/settings.yaml'.
[2022-09-20 15:44:16 DEBUG] [__init__:399] No controls to apply on 'loader'
[2022-09-20 15:44:16 DEBUG] [__init__:399] No controls to apply on 'loader'
[2022-09-20 15:44:16 DEBUG] [caching:24] Building activity cache...
[2022-09-20 15:44:16 DEBUG] [caching:35] Cached 2 activities
[2022-09-20 15:44:16 INFO] [experiment:58] Validating the experiment's syntax
[2022-09-20 15:44:16 DEBUG] [configuration:63] Loading configuration...
[2022-09-20 15:44:16 DEBUG] [secret:78] Loading secrets...
[2022-09-20 15:44:16 DEBUG] [secret:104] Done loading secrets
[2022-09-20 15:44:16 INFO] [experiment:109] Experiment looks valid
[2022-09-20 15:44:16 DEBUG] [caching:42] Clearing activities cache
[2022-09-20 15:44:16 DEBUG] [caching:24] Building activity cache...
[2022-09-20 15:44:16 DEBUG] [caching:35] Cached 2 activities
[2022-09-20 15:44:16 DEBUG] [configuration:63] Loading configuration...
[2022-09-20 15:44:16 DEBUG] [secret:78] Loading secrets...
[2022-09-20 15:44:16 DEBUG] [secret:104] Done loading secrets
[2022-09-20 15:44:16 DEBUG] [configuration:160] Loading dynamic configuration...
[2022-09-20 15:44:16 INFO] [run:320] Running experiment: A simple hello world experiment
[2022-09-20 15:44:16 DEBUG] [__init__:52] Initializing controls
[2022-09-20 15:44:16 INFO] [run:344] Steady-state strategy: default
[2022-09-20 15:44:16 INFO] [run:348] Rollbacks strategy: always
[2022-09-20 15:44:16 DEBUG] [__init__:399] No controls to apply on 'experiment'
[2022-09-20 15:44:16 DEBUG] [run:506] Running steady-state hypothesis before the method
[2022-09-20 15:44:16 INFO] [hypothesis:182] Steady state hypothesis: Check we can say hello
[2022-09-20 15:44:16 DEBUG] [__init__:399] No controls to apply on 'hypothesis'
[2022-09-20 15:44:16 DEBUG] [__init__:399] No controls to apply on 'activity'
[2022-09-20 15:44:16 INFO] [activity:204] Probe: echo-hello
[2022-09-20 15:44:16 DEBUG] [process:52] Running: /usr/bin/echo hello boom
[2022-09-20 15:44:16 DEBUG] [activity:221]   => succeeded with '{'status': 0, 'stdout': 'hello boom\n', 'stderr': ''}'
[2022-09-20 15:44:16 DEBUG] [__init__:399] No controls to apply on 'activity'
[2022-09-20 15:44:16 DEBUG] [hypothesis:221] allowed tolerance is 0
[2022-09-20 15:44:16 INFO] [hypothesis:231] Steady state hypothesis is met!
[2022-09-20 15:44:16 DEBUG] [__init__:399] No controls to apply on 'hypothesis'
[2022-09-20 15:44:16 INFO] [run:607] Playing your experiment's method now...
[2022-09-20 15:44:16 DEBUG] [__init__:399] No controls to apply on 'method'
[2022-09-20 15:44:16 DEBUG] [__init__:399] No controls to apply on 'activity'
[2022-09-20 15:44:16 INFO] [activity:204] Action: say-hello
[2022-09-20 15:44:16 DEBUG] [process:52] Running: /usr/bin/echo hello
[2022-09-20 15:44:16 DEBUG] [activity:221]   => succeeded with '{'status': 0, 'stdout': 'hello\n', 'stderr': ''}'
[2022-09-20 15:44:16 DEBUG] [__init__:399] No controls to apply on 'activity'
[2022-09-20 15:44:16 DEBUG] [__init__:399] No controls to apply on 'method'
[2022-09-20 15:44:16 DEBUG] [run:536] Running steady-state hypothesis after the method
[2022-09-20 15:44:16 INFO] [hypothesis:182] Steady state hypothesis: Check we can say hello
[2022-09-20 15:44:16 DEBUG] [__init__:399] No controls to apply on 'hypothesis'
[2022-09-20 15:44:16 DEBUG] [__init__:399] No controls to apply on 'activity'
[2022-09-20 15:44:16 INFO] [activity:204] Probe: echo-hello
[2022-09-20 15:44:16 DEBUG] [process:52] Running: /usr/bin/echo hello boom
[2022-09-20 15:44:16 DEBUG] [activity:221]   => succeeded with '{'status': 0, 'stdout': 'hello boom\n', 'stderr': ''}'
[2022-09-20 15:44:16 DEBUG] [__init__:399] No controls to apply on 'activity'
[2022-09-20 15:44:16 DEBUG] [hypothesis:221] allowed tolerance is 0
[2022-09-20 15:44:16 INFO] [hypothesis:231] Steady state hypothesis is met!
[2022-09-20 15:44:16 DEBUG] [__init__:399] No controls to apply on 'hypothesis'
[2022-09-20 15:44:16 WARNING] [run:641] Rollbacks were explicitly requested to be played
[2022-09-20 15:44:16 INFO] [run:893] Let's rollback...
[2022-09-20 15:44:16 DEBUG] [__init__:399] No controls to apply on 'rollback'
[2022-09-20 15:44:16 INFO] [rollback:27] No declared rollbacks, let's move on.
[2022-09-20 15:44:16 DEBUG] [__init__:399] No controls to apply on 'rollback'
[2022-09-20 15:44:16 INFO] [run:458] Experiment ended with status: completed
[2022-09-20 15:44:16 DEBUG] [__init__:399] No controls to apply on 'experiment'
[2022-09-20 15:44:16 DEBUG] [__init__:91] Cleaning up controls
[2022-09-20 15:44:16 DEBUG] [caching:42] Clearing activities cache
